<?xml version="1.0" encoding="UTF-8"?>
<testng-results ignored="0" total="1" passed="1" failed="0" skipped="0">
  <reporter-output>
  </reporter-output>
  <suite started-at="2025-06-12T14:26:51 CEST" name="API Test Suite" finished-at="2025-06-12T14:26:54 CEST" duration-ms="2761">
    <groups>
    </groups>
    <test started-at="2025-06-12T14:26:51 CEST" name="API Test" finished-at="2025-06-12T14:26:54 CEST" duration-ms="2761">
      <class name="com.api.tests.loginAPITest3">
        <test-method signature="loginTest()[pri:0, instance:com.api.tests.loginAPITest3@363ee3a2]" started-at="2025-06-12T14:26:51 CEST" name="loginTest" description="Verify if login Api is working correctly" finished-at="2025-06-12T14:26:54 CEST" duration-ms="2712" status="PASS">
          <reporter-output>
          </reporter-output>
        </test-method> <!-- loginTest -->
      </class> <!-- com.api.tests.loginAPITest3 -->
    </test> <!-- API Test -->
  </suite> <!-- API Test Suite -->
</testng-results>
