<?xml version="1.0" encoding="UTF-8"?>
<testsuite xmlns:xsi="http://www.w3.org/2001/XMLSchema-instance" xsi:noNamespaceSchemaLocation="https://maven.apache.org/surefire/maven-surefire-plugin/xsd/surefire-test-report-3.0.xsd" version="3.0" name="TestSuite" time="3.857" tests="1" errors="0" skipped="0" failures="0">
  <properties>
[...]
</properties>
  <testcase name="loginTest" classname="com.api.tests.loginAPITest3" time="2.715">
    <system-out><![CDATA[14:26:51.286 [main] INFO  com.api.listeners.TestListener - Test Suite Started
14:26:51.321 [main] INFO  com.api.listeners.TestListener - Test Started: loginTest
14:26:51.321 [main] INFO  com.api.listeners.TestListener - Description: Verify if login Api is working correctly
14:26:52.688 [main] INFO  com.api.filters.LoggingFilter - Base URI: http://64.227.160.186:8080
14:26:52.689 [main] INFO  com.api.filters.LoggingFilter - Resquest Body: {"username":"Sravani","password":"Sravani@1410"}
14:26:52.689 [main] INFO  com.api.filters.LoggingFilter - Resquest Header: Accept=*/*
Content-Type=application/json
14:26:53.950 [main] INFO  com.api.filters.LoggingFilter - Status code: 200
14:26:53.951 [main] INFO  com.api.filters.LoggingFilter - Response Body: io.restassured.internal.RestAssuredResponseImpl@217c23ce
14:26:53.951 [main] INFO  com.api.filters.LoggingFilter - Response Header: Vary=Origin
Vary=Access-Control-Request-Method
Vary=Access-Control-Request-Headers
Access-Control-Allow-Origin=https://swift.techwithjatin.com
Access-Control-Allow-Methods=GET, POST, PUT, DELETE, OPTIONS
Access-Control-Max-Age=3600
Access-Control-Allow-Headers=Authorization, Content-Type, Accept
Access-Control-Allow-Credentials=true
X-Content-Type-Options=nosniff
X-XSS-Protection=0
Cache-Control=no-cache, no-store, max-age=0, must-revalidate
Pragma=no-cache
Expires=0
X-Frame-Options=DENY
Content-Type=application/json
Transfer-Encoding=chunked
Date=Thu, 12 Jun 2025 12:26:52 GMT
Keep-Alive=timeout=60
Connection=keep-alive
{
    "token": "eyJhbGciOiJIUzI1NiJ9.eyJzdWIiOiJTcmF2YW5pIiwiaWF0IjoxNzQ5NzMxMjEyLCJleHAiOjE3NDk3MzQ4MTJ9.SlBdFehKTza2ASstf8HG2AG6ghgX5st2raklA50-QYw",
    "type": "Bearer",
    "id": 1537,
    "username": "Sravani",
    "email": "sravanisravs1410@gmail.com",
    "roles": [
        "ROLE_USER"
    ]
}
eyJhbGciOiJIUzI1NiJ9.eyJzdWIiOiJTcmF2YW5pIiwiaWF0IjoxNzQ5NzMxMjEyLCJleHAiOjE3NDk3MzQ4MTJ9.SlBdFehKTza2ASstf8HG2AG6ghgX5st2raklA50-QYw
sravanisravs1410@gmail.com
1537
]]></system-out>
    <system-err><![CDATA[SLF4J: Failed to load class "org.slf4j.impl.StaticLoggerBinder".
SLF4J: Defaulting to no-operation (NOP) logger implementation
SLF4J: See http://www.slf4j.org/codes.html#StaticLoggerBinder for further details.
]]></system-err>
  </testcase>
</testsuite>