<?xml version="1.0" encoding="UTF-8"?>
<testng-results ignored="0" total="1" passed="1" failed="0" skipped="0">
  <reporter-output>
  </reporter-output>
  <suite started-at="2025-06-11T16:15:56 CEST" name="Default suite" finished-at="2025-06-11T16:16:00 CEST" duration-ms="4019">
    <groups>
    </groups>
    <test started-at="2025-06-11T16:15:56 CEST" name="Default test" finished-at="2025-06-11T16:16:00 CEST" duration-ms="4019">
      <class name="com.api.tests.UpdateProfileTest">
        <test-method signature="updateProfileInfo()[pri:0, instance:com.api.tests.UpdateProfileTest@515aebb0]" started-at="2025-06-11T16:15:56 CEST" name="updateProfileInfo" description="Verify update profile Info" finished-at="2025-06-11T16:16:00 CEST" duration-ms="3971" status="PASS">
          <reporter-output>
          </reporter-output>
        </test-method> <!-- updateProfileInfo -->
      </class> <!-- com.api.tests.UpdateProfileTest -->
    </test> <!-- Default test -->
  </suite> <!-- Default suite -->
</testng-results>
