<?xml version="1.0" encoding="UTF-8"?>
<testng-results ignored="0" total="1" passed="1" failed="0" skipped="0">
  <reporter-output>
  </reporter-output>
  <suite started-at="2025-06-17T14:05:34 CEST" name="API Test Suite" finished-at="2025-06-17T14:05:38 CEST" duration-ms="3567">
    <groups>
    </groups>
    <test started-at="2025-06-17T14:05:34 CEST" name="API Test" finished-at="2025-06-17T14:05:38 CEST" duration-ms="3567">
      <class name="com.api.tests.GetProfileRequestTest">
        <test-method is-config="true" signature="startExtentTest(org.testng.ITestResult)[pri:0, instance:com.api.tests.GetProfileRequestTest@5f6722d3]" started-at="2025-06-17T14:05:34 CEST" name="startExtentTest" finished-at="2025-06-17T14:05:34 CEST" duration-ms="224" status="PASS">
          <params>
            <param index="0">
              <value>
                <![CDATA[[TestResult name={null} status=CREATED method=GetProfileRequestTest.getProfileDetails()[pri:0, instance:com.api.tests.GetProfileRequestTest@5f6722d3] output={null}]]]>
              </value>
            </param>
          </params>
          <reporter-output>
          </reporter-output>
        </test-method> <!-- startExtentTest -->
        <test-method signature="getProfileDetails()[pri:0, instance:com.api.tests.GetProfileRequestTest@5f6722d3]" started-at="2025-06-17T14:05:34 CEST" name="getProfileDetails" description="Get User Profile Details" finished-at="2025-06-17T14:05:37 CEST" duration-ms="2990" status="PASS">
          <reporter-output>
          </reporter-output>
        </test-method> <!-- getProfileDetails -->
        <test-method is-config="true" signature="endExtentTest()[pri:0, instance:com.api.tests.GetProfileRequestTest@5f6722d3]" started-at="2025-06-17T14:05:37 CEST" name="endExtentTest" finished-at="2025-06-17T14:05:38 CEST" duration-ms="301" status="PASS">
          <reporter-output>
          </reporter-output>
        </test-method> <!-- endExtentTest -->
      </class> <!-- com.api.tests.GetProfileRequestTest -->
    </test> <!-- API Test -->
  </suite> <!-- API Test Suite -->
</testng-results>
